<?xml version="1.0" encoding="utf-8"?><testsuites><testsuite name="pytest" errors="0" failures="0" skipped="0" tests="28" time="2.153" timestamp="2023-10-20T13:54:29.493768" hostname="fv-az555-444"><testcase classname="tests.test_cli" name="test_exception" time="0.003" /><testcase classname="tests.test_cli" name="test_docstring" time="0.002" /><testcase classname="tests.test_cli" name="test_cli_call_help" time="0.008" /><testcase classname="tests.test_conftest" name="test_operation_create" time="0.081" /><testcase classname="tests.test_conftest" name="test_operation_dump" time="0.027" /><testcase classname="tests.test_conftest" name="test_operation_clone" time="0.044" /><testcase classname="tests.test_scm" name="test_lookup" time="0.026" /><testcase classname="tests.test_scm" name="test_handle_remote_and_local_repos" time="0.226" /><testcase classname="tests.test_scm" name="test_detached_head" time="0.060" /><testcase classname="tests.test_script" name="test_add_arguments" time="0.003" /><testcase classname="tests.test_script" name="test_process_options" time="0.023" /><testcase classname="tests.test_script" name="test_main_make_beta" time="0.133" /><testcase classname="tests.test_script" name="test_main_make_release" time="0.131" /><testcase classname="tests.test_tools" name="test_abort_exception" time="0.002" /><testcase classname="tests.test_tools" name="test_urmtree" time="0.003" /><testcase classname="tests.test_tools" name="test_indent" time="0.002" /><testcase classname="tests.test_tools" name="test_list_of_paths" time="0.002" /><testcase classname="tests.test_tools" name="test_lstrip" time="0.002" /><testcase classname="tests.test_tools" name="test_apply_fixers" time="0.008" /><testcase classname="tests.test_tools" name="test_get_module_var" time="0.005" /><testcase classname="tests.test_tools" name="test_set_module_var" time="0.006" /><testcase classname="tests.test_tools" name="test_set_module_var_empty_file" time="0.004" /><testcase classname="tests.test_tools" name="test_bump_version" time="0.002" /><testcase classname="tests.test_tools" name="test_update_version_master" time="0.053" /><testcase classname="tests.test_tools" name="test_update_version_beta" time="0.114" /><testcase classname="tests.test_tools" name="test_update_version_release" time="0.062" /><testcase classname="tests.test_tools" name="test_process" time="0.033" /><testcase classname="tests.test_tools" name="test_process_fixers" time="0.091" /></testsuite></testsuites>