<?xml version="1.0" encoding="utf-8"?><testsuites><testsuite name="pytest" errors="0" failures="0" skipped="0" tests="28" time="2.314" timestamp="2023-10-20T20:24:39.822967" hostname="fv-az572-479"><testcase classname="tests.test_cli" name="test_exception" time="0.002" /><testcase classname="tests.test_cli" name="test_docstring" time="0.001" /><testcase classname="tests.test_cli" name="test_cli_call_help" time="0.003" /><testcase classname="tests.test_conftest" name="test_operation_create" time="0.112" /><testcase classname="tests.test_conftest" name="test_operation_dump" time="0.043" /><testcase classname="tests.test_conftest" name="test_operation_clone" time="0.073" /><testcase classname="tests.test_scm" name="test_lookup" time="0.036" /><testcase classname="tests.test_scm" name="test_handle_remote_and_local_repos" time="0.340" /><testcase classname="tests.test_scm" name="test_detached_head" time="0.088" /><testcase classname="tests.test_script" name="test_add_arguments" time="0.004" /><testcase classname="tests.test_script" name="test_process_options" time="0.035" /><testcase classname="tests.test_script" name="test_main_make_beta" time="0.224" /><testcase classname="tests.test_script" name="test_main_make_release" time="0.192" /><testcase classname="tests.test_tools" name="test_abort_exception" time="0.001" /><testcase classname="tests.test_tools" name="test_urmtree" time="0.002" /><testcase classname="tests.test_tools" name="test_indent" time="0.001" /><testcase classname="tests.test_tools" name="test_list_of_paths" time="0.001" /><testcase classname="tests.test_tools" name="test_lstrip" time="0.001" /><testcase classname="tests.test_tools" name="test_apply_fixers" time="0.003" /><testcase classname="tests.test_tools" name="test_get_module_var" time="0.003" /><testcase classname="tests.test_tools" name="test_set_module_var" time="0.004" /><testcase classname="tests.test_tools" name="test_set_module_var_empty_file" time="0.002" /><testcase classname="tests.test_tools" name="test_bump_version" time="0.001" /><testcase classname="tests.test_tools" name="test_update_version_master" time="0.073" /><testcase classname="tests.test_tools" name="test_update_version_beta" time="0.234" /><testcase classname="tests.test_tools" name="test_update_version_release" time="0.090" /><testcase classname="tests.test_tools" name="test_process" time="0.041" /><testcase classname="tests.test_tools" name="test_process_fixers" time="0.129" /></testsuite></testsuites>